Added Component: Designator=C?(C0805)
Add component (AddParameter): Name = "01_Type"; Value = "CAPACITOR"; VariantName = "[No Variations]"
Add component (AddParameter): Name = "02_Generic Part Number"; Value = ""; VariantName = "[No Variations]"
Add component (AddParameter): Name = "03_Part Number"; Value = ""; VariantName = "[No Variations]"
Add component (AddParameter): Name = "04_Manufacturer"; Value = ""; VariantName = "[No Variations]"
Add component (AddParameter): Name = "05_RS Part Number"; Value = ""; VariantName = "[No Variations]"
Add component (AddParameter): Name = "06_Farnell Part Number"; Value = ""; VariantName = "[No Variations]"
Add component (AddParameter): Name = "07_Mouser Part Number"; Value = ""; VariantName = "[No Variations]"
Add component (AddParameter): Name = "08_Digi-Key Part Number"; Value = ""; VariantName = "[No Variations]"
Add component (AddParameter): Name = "09_helpURL"; Value = ""; VariantName = "[No Variations]"
Add component (AddParameter): Name = "Case"; Value = "0805"; VariantName = "[No Variations]"
Add component (AddParameter): Name = "Check Footprint"; Value = "NO"; VariantName = "[No Variations]"
Add component (AddParameter): Name = "Check Symbol"; Value = "NO"; VariantName = "[No Variations]"
Add component (AddParameter): Name = "Value"; Value = "100nF"; VariantName = "[No Variations]"
Add component (AddParameter): Name = "Voltage"; Value = "50V"; VariantName = "[No Variations]"
Added Pin To Net: NetName=GND_RACK Pin=C?-1
Added Net: Name=GND_RACK
Added Pin To Net: NetName=GND Pin=C?-1
Added Pin To Net: NetName=GND Pin=C?-1
Added Pin To Net: NetName=GND Pin=C?-2
Added Pin To Net: NetName=GND Pin=C?-2
Added Net: Name=GND
Added Pin To Net: NetName=NetC?_1 Pin=C?-1
Added Net: Name=NetC?_1
Added Pin To Net: NetName=NetC?_2 Pin=C?-2
Added Net: Name=NetC?_2
Added Net: Name=NetD?_1
Added Net: Name=NetD?_2
Added Net: Name=NetGPS?_2
Added Net: Name=NetGPS?_3
Added Net: Name=NetGPS?_4
Added Net: Name=NetLCD?_1
Added Net: Name=NetLCD?_2
Added Net: Name=NetLCD?_3
Added Net: Name=NetLCD?_12
Added Net: Name=NetLCD?_13
Added Net: Name=NetLCD?_23
Added Net: Name=NetP?_2
Added Net: Name=NetP?_3
Added Net: Name=NetP?_4
Added Net: Name=NetP?_5
Added Net: Name=NetP?_6
Added Net: Name=NetR?_1
Added Net: Name=NetR?_2
Added Net: Name=NetX?_23
Added Class: Name=Open_Rally_Computer
Added Room: Name=Open_Rally_Computer
